  pch.cpp
  Animation.cpp
C:\Users\Lenovo\source\repos\BackUpDx12\Dx12Engine\Animation.h(26,47): warning C4244: 'return': conversion from 'int' to 'float', possible loss of data
  (compiling source file '/Animation.cpp')
  
C:\Users\Lenovo\source\repos\BackUpDx12\Dx12Engine\Animation.cpp(39,24): warning C4244: '=': conversion from 'double' to 'float', possible loss of data
  (compiling source file '/Animation.cpp')
  
C:\Users\Lenovo\source\repos\BackUpDx12\Dx12Engine\Animation.cpp(41,30): warning C4244: '=': conversion from 'double' to 'int', possible loss of data
  (compiling source file '/Animation.cpp')
  
C:\Users\Lenovo\source\repos\BackUpDx12\Dx12Engine\Animation.cpp(147,20): warning C4018: '<': signed/unsigned mismatch
  (compiling source file '/Animation.cpp')
  
  Animator.cpp
C:\Users\Lenovo\source\repos\BackUpDx12\Dx12Engine\Animation.h(26,47): warning C4244: 'return': conversion from 'int' to 'float', possible loss of data
  (compiling source file '/Animator.cpp')
  
C:\Users\Lenovo\source\repos\BackUpDx12\Dx12Engine\DXHelper.h(44,24): warning C4267: 'argument': conversion from 'size_t' to 'int', possible loss of data
  (compiling source file '/Animator.cpp')
  
C:\Users\Lenovo\source\repos\BackUpDx12\Dx12Engine\DXHelper.h(75,31): warning C4244: '=': conversion from '__int64' to 'int', possible loss of data
  (compiling source file '/Animator.cpp')
  
  Bone.cpp
C:\Users\Lenovo\source\repos\BackUpDx12\Dx12Engine\Bone.cpp(33,19): warning C4244: 'initializing': conversion from 'double' to 'float', possible loss of data
  (compiling source file '/Bone.cpp')
  
C:\Users\Lenovo\source\repos\BackUpDx12\Dx12Engine\Bone.cpp(44,19): warning C4244: 'initializing': conversion from 'double' to 'float', possible loss of data
  (compiling source file '/Bone.cpp')
  
C:\Users\Lenovo\source\repos\BackUpDx12\Dx12Engine\Bone.cpp(56,19): warning C4244: 'initializing': conversion from 'double' to 'float', possible loss of data
  (compiling source file '/Bone.cpp')
  
  CbvManager.cpp
C:\Users\Lenovo\source\repos\BackUpDx12\Dx12Engine\DXHelper.h(44,24): warning C4267: 'argument': conversion from 'size_t' to 'int', possible loss of data
  (compiling source file '/CbvManager.cpp')
  
C:\Users\Lenovo\source\repos\BackUpDx12\Dx12Engine\DXHelper.h(75,31): warning C4244: '=': conversion from '__int64' to 'int', possible loss of data
  (compiling source file '/CbvManager.cpp')
  
C:\Users\Lenovo\source\repos\BackUpDx12\Dx12Engine\CbvManager.cpp(36,22): warning C4244: 'initializing': conversion from 'SIZE_T' to 'UINT', possible loss of data
  (compiling source file '/CbvManager.cpp')
  
C:\Users\Lenovo\source\repos\BackUpDx12\Dx12Engine\CbvManager.cpp(71,32): warning C4244: '=': conversion from 'SIZE_T' to 'UINT', possible loss of data
  (compiling source file '/CbvManager.cpp')
  
C:\Users\Lenovo\source\repos\BackUpDx12\Dx12Engine\CbvManager.cpp(81,20): warning C4018: '<': signed/unsigned mismatch
  (compiling source file '/CbvManager.cpp')
  
C:\Users\Lenovo\source\repos\BackUpDx12\Dx12Engine\CbvManager.cpp(96,30): warning C4244: '=': conversion from 'SIZE_T' to 'UINT', possible loss of data
  (compiling source file '/CbvManager.cpp')
  
C:\Users\Lenovo\source\repos\BackUpDx12\Dx12Engine\CbvManager.cpp(120,22): warning C4244: 'initializing': conversion from 'SIZE_T' to 'UINT', possible loss of data
  (compiling source file '/CbvManager.cpp')
  
C:\Users\Lenovo\source\repos\BackUpDx12\Dx12Engine\CbvManager.cpp(156,29): warning C4244: '=': conversion from 'SIZE_T' to 'UINT', possible loss of data
  (compiling source file '/CbvManager.cpp')
  
  DXUtil.cpp
  DescriptorPool.cpp
  GeometryGenerator.cpp
C:\Users\Lenovo\source\repos\BackUpDx12\Dx12Engine\GeometryGenerator.cpp(55,20): warning C4018: '<': signed/unsigned mismatch
  (compiling source file '/GeometryGenerator.cpp')
  
C:\Users\Lenovo\source\repos\BackUpDx12\Dx12Engine\GeometryGenerator.cpp(56,21): warning C4018: '<': signed/unsigned mismatch
  (compiling source file '/GeometryGenerator.cpp')
  
C:\Users\Lenovo\source\repos\BackUpDx12\Dx12Engine\GeometryGenerator.cpp(70,20): warning C4018: '<': signed/unsigned mismatch
  (compiling source file '/GeometryGenerator.cpp')
  
C:\Users\Lenovo\source\repos\BackUpDx12\Dx12Engine\GeometryGenerator.cpp(71,21): warning C4018: '<': signed/unsigned mismatch
  (compiling source file '/GeometryGenerator.cpp')
  
  Model.cpp
C:\Users\Lenovo\source\repos\BackUpDx12\Dx12Engine\DXHelper.h(44,24): warning C4267: 'argument': conversion from 'size_t' to 'int', possible loss of data
  (compiling source file '/Model.cpp')
  
C:\Users\Lenovo\source\repos\BackUpDx12\Dx12Engine\DXHelper.h(75,31): warning C4244: '=': conversion from '__int64' to 'int', possible loss of data
  (compiling source file '/Model.cpp')
  
C:\Users\Lenovo\source\repos\BackUpDx12\Dx12Engine\Animation.h(26,47): warning C4244: 'return': conversion from 'int' to 'float', possible loss of data
  (compiling source file '/Model.cpp')
  
C:\Users\Lenovo\source\repos\BackUpDx12\Dx12Engine\Model.cpp(131,20): warning C4018: '<': signed/unsigned mismatch
  (compiling source file '/Model.cpp')
  
C:\Users\Lenovo\source\repos\BackUpDx12\Dx12Engine\Model.cpp(148,21): warning C4018: '<': signed/unsigned mismatch
  (compiling source file '/Model.cpp')
  
C:\Users\Lenovo\source\repos\BackUpDx12\Dx12Engine\Model.cpp(162,20): warning C4018: '<': signed/unsigned mismatch
  (compiling source file '/Model.cpp')
  
C:\Users\Lenovo\source\repos\BackUpDx12\Dx12Engine\Model.cpp(182,20): warning C4018: '<': signed/unsigned mismatch
  (compiling source file '/Model.cpp')
  
C:\Users\Lenovo\source\repos\BackUpDx12\Dx12Engine\Model.cpp(264,20): warning C4018: '<': signed/unsigned mismatch
  (compiling source file '/Model.cpp')
  
  ModelLoader.cpp
C:\Users\Lenovo\source\repos\BackUpDx12\Dx12Engine\Animation.h(26,47): warning C4244: 'return': conversion from 'int' to 'float', possible loss of data
  (compiling source file '/ModelLoader.cpp')
  
C:\Users\Lenovo\source\repos\BackUpDx12\Dx12Engine\DXHelper.h(44,24): warning C4267: 'argument': conversion from 'size_t' to 'int', possible loss of data
  (compiling source file '/ModelLoader.cpp')
  
C:\Users\Lenovo\source\repos\BackUpDx12\Dx12Engine\DXHelper.h(75,31): warning C4244: '=': conversion from '__int64' to 'int', possible loss of data
  (compiling source file '/ModelLoader.cpp')
  
C:\Users\Lenovo\source\repos\BackUpDx12\Dx12Engine\ModelLoader.cpp(99,24): warning C4018: '<': signed/unsigned mismatch
  (compiling source file '/ModelLoader.cpp')
  
C:\Users\Lenovo\source\repos\BackUpDx12\Dx12Engine\ModelLoader.cpp(106,23): warning C4018: '<': signed/unsigned mismatch
  (compiling source file '/ModelLoader.cpp')
  
C:\Users\Lenovo\source\repos\BackUpDx12\Dx12Engine\ModelLoader.cpp(115,25): warning C4018: '<': signed/unsigned mismatch
  (compiling source file '/ModelLoader.cpp')
  
  Renderer.cpp
C:\Users\Lenovo\source\repos\BackUpDx12\Dx12Engine\DXHelper.h(44,24): warning C4267: 'argument': conversion from 'size_t' to 'int', possible loss of data
  (compiling source file '/Renderer.cpp')
  
C:\Users\Lenovo\source\repos\BackUpDx12\Dx12Engine\DXHelper.h(75,31): warning C4244: '=': conversion from '__int64' to 'int', possible loss of data
  (compiling source file '/Renderer.cpp')
  
C:\Users\Lenovo\source\repos\BackUpDx12\Dx12Engine\Animation.h(26,47): warning C4244: 'return': conversion from 'int' to 'float', possible loss of data
  (compiling source file '/Renderer.cpp')
  
C:\Users\Lenovo\source\repos\BackUpDx12\Dx12Engine\Renderer.cpp(168,77): warning C4390: ';': empty controlled statement found; is this the intent?
  (compiling source file '/Renderer.cpp')
  
C:\Users\Lenovo\source\repos\BackUpDx12\Dx12Engine\Renderer.cpp(548,36): warning C4305: '=': truncation from 'double' to 'float'
  (compiling source file '/Renderer.cpp')
  
C:\Users\Lenovo\source\repos\BackUpDx12\Dx12Engine\Renderer.cpp(549,36): warning C4305: '=': truncation from 'double' to 'float'
  (compiling source file '/Renderer.cpp')
  
C:\Users\Lenovo\source\repos\BackUpDx12\Dx12Engine\Renderer.cpp(555,36): warning C4305: '=': truncation from 'double' to 'float'
  (compiling source file '/Renderer.cpp')
  
C:\Users\Lenovo\source\repos\BackUpDx12\Dx12Engine\Renderer.cpp(562,36): warning C4305: '=': truncation from 'double' to 'float'
  (compiling source file '/Renderer.cpp')
  
  SrvManager.cpp
C:\Users\Lenovo\source\repos\BackUpDx12\Dx12Engine\SrvManager.cpp(274,21): warning C4018: '<': signed/unsigned mismatch
  (compiling source file '/SrvManager.cpp')
  
  WinApp.cpp
C:\Users\Lenovo\source\repos\BackUpDx12\Dx12Engine\WinApp.cpp(24,43): warning C4838: conversion from 'UINT' to 'LONG' requires a narrowing conversion
  (compiling source file '/WinApp.cpp')
  
C:\Users\Lenovo\source\repos\BackUpDx12\Dx12Engine\WinApp.cpp(24,68): warning C4838: conversion from 'UINT' to 'LONG' requires a narrowing conversion
  (compiling source file '/WinApp.cpp')
  
  main.cpp
C:\Users\Lenovo\source\repos\BackUpDx12\Dx12Engine\main.cpp(26,29): warning C4297: 'WinMain': function assumed not to throw an exception but does
  (compiling source file '/main.cpp')
      C:\Users\Lenovo\source\repos\BackUpDx12\Dx12Engine\main.cpp(26,29):
      __declspec(nothrow), throw(), noexcept(true), or noexcept was specified on the function
  
  Generating Code...
C:\Users\Lenovo\source\repos\BackUpDx12\Dx12Engine\Bone.cpp(107,1): warning C4715: 'Bone::GetScaleIndex': not all control paths return a value
C:\Users\Lenovo\source\repos\BackUpDx12\Dx12Engine\Bone.cpp(95,1): warning C4715: 'Bone::GetRotationIndex': not all control paths return a value
C:\Users\Lenovo\source\repos\BackUpDx12\Dx12Engine\Bone.cpp(83,1): warning C4715: 'Bone::GetPositionIndex': not all control paths return a value
C:\Users\Lenovo\source\repos\BackUpDx12\Dx12Engine\Animation.cpp(122,1): warning C4715: 'Animation::CalculatePivotMatrix': not all control paths return a value
  Dx12Engine.vcxproj -> C:\Users\Lenovo\source\repos\BackUpDx12\x64\Debug\Dx12Engine.exe
